# JRE version: Java(TM) SE Runtime Environment (8.0_271-b09) (build 1.8.0_271-b09)
# Java VM: Java HotSpot(TM) 64-Bit Server VM (25.271-b09 mixed mode windows-amd64 compressed oops)
Heap:
 PSYoungGen      total 160256K, used 41220K [0x00000000f5580000, 0x0000000100000000, 0x0000000100000000)
  eden space 145920K, 28% used [0x00000000f5580000,0x00000000f7dc12b8,0x00000000fe400000)
  from space 14336K, 0% used [0x00000000fe400000,0x00000000fe400000,0x00000000ff200000)
  to   space 14336K, 0% used [0x00000000ff200000,0x00000000ff200000,0x0000000100000000)
 ParOldGen       total 189440K, used 33321K [0x00000000e0000000, 0x00000000eb900000, 0x00000000f5580000)
  object space 189440K, 17% used [0x00000000e0000000,0x00000000e208a650,0x00000000eb900000)
 Metaspace       used 59746K, capacity 62310K, committed 62488K, reserved 1103872K
  class space    used 8443K, capacity 8930K, committed 9000K, reserved 1048576K
GC Heap History (10 events):
Event: 4.151 GC heap before
{Heap before GC invocations=8 (full 2):
 PSYoungGen      total 123904K, used 10242K [0x00000000f5580000, 0x00000000fdc00000, 0x0000000100000000)
  eden space 112128K, 0% used [0x00000000f5580000,0x00000000f5580000,0x00000000fc300000)
  from space 11776K, 86% used [0x00000000fd080000,0x00000000fda80840,0x00000000fdc00000)
  to   space 12800K, 0% used [0x00000000fc300000,0x00000000fc300000,0x00000000fcf80000)
 ParOldGen       total 175104K, used 7463K [0x00000000e0000000, 0x00000000eab00000, 0x00000000f5580000)
  object space 175104K, 4% used [0x00000000e0000000,0x00000000e0749eb8,0x00000000eab00000)
 Metaspace       used 34211K, capacity 35244K, committed 35496K, reserved 1079296K
  class space    used 4761K, capacity 5016K, committed 5032K, reserved 1048576K
Event: 4.182 GC heap after
Heap after GC invocations=8 (full 2):
 PSYoungGen      total 123904K, used 0K [0x00000000f5580000, 0x00000000fdc00000, 0x0000000100000000)
  eden space 112128K, 0% used [0x00000000f5580000,0x00000000f5580000,0x00000000fc300000)
  from space 11776K, 0% used [0x00000000fd080000,0x00000000fd080000,0x00000000fdc00000)
  to   space 12800K, 0% used [0x00000000fc300000,0x00000000fc300000,0x00000000fcf80000)
 ParOldGen       total 175104K, used 16822K [0x00000000e0000000, 0x00000000eab00000, 0x00000000f5580000)
  object space 175104K, 9% used [0x00000000e0000000,0x00000000e106db78,0x00000000eab00000)
 Metaspace       used 34211K, capacity 35244K, committed 35496K, reserved 1079296K
  class space    used 4761K, capacity 5016K, committed 5032K, reserved 1048576K
}
Event: 5.709 GC heap before
{Heap before GC invocations=9 (full 2):
 PSYoungGen      total 123904K, used 112128K [0x00000000f5580000, 0x00000000fdc00000, 0x0000000100000000)
  eden space 112128K, 100% used [0x00000000f5580000,0x00000000fc300000,0x00000000fc300000)
  from space 11776K, 0% used [0x00000000fd080000,0x00000000fd080000,0x00000000fdc00000)
  to   space 12800K, 0% used [0x00000000fc300000,0x00000000fc300000,0x00000000fcf80000)
 ParOldGen       total 175104K, used 16822K [0x00000000e0000000, 0x00000000eab00000, 0x00000000f5580000)
  object space 175104K, 9% used [0x00000000e0000000,0x00000000e106db78,0x00000000eab00000)
 Metaspace       used 41423K, capacity 43098K, committed 43432K, reserved 1087488K
  class space    used 5843K, capacity 6195K, committed 6312K, reserved 1048576K
Event: 5.723 GC heap after
Heap after GC invocations=9 (full 2):
 PSYoungGen      total 124928K, used 10248K [0x00000000f5580000, 0x0000000100000000, 0x0000000100000000)
  eden space 112128K, 0% used [0x00000000f5580000,0x00000000f5580000,0x00000000fc300000)
  from space 12800K, 80% used [0x00000000fc300000,0x00000000fcd02370,0x00000000fcf80000)
  to   space 12800K, 0% used [0x00000000ff380000,0x00000000ff380000,0x0000000100000000)
 ParOldGen       total 175104K, used 16830K [0x00000000e0000000, 0x00000000eab00000, 0x00000000f5580000)
  object space 175104K, 9% used [0x00000000e0000000,0x00000000e106fb78,0x00000000eab00000)
 Metaspace       used 41423K, capacity 43098K, committed 43432K, reserved 1087488K
  class space    used 5843K, capacity 6195K, committed 6312K, reserved 1048576K
}
Event: 7.043 GC heap before
{Heap before GC invocations=10 (full 2):
 PSYoungGen      total 124928K, used 122376K [0x00000000f5580000, 0x0000000100000000, 0x0000000100000000)
  eden space 112128K, 100% used [0x00000000f5580000,0x00000000fc300000,0x00000000fc300000)
  from space 12800K, 80% used [0x00000000fc300000,0x00000000fcd02370,0x00000000fcf80000)
  to   space 12800K, 0% used [0x00000000ff380000,0x00000000ff380000,0x0000000100000000)
 ParOldGen       total 175104K, used 16830K [0x00000000e0000000, 0x00000000eab00000, 0x00000000f5580000)
  object space 175104K, 9% used [0x00000000e0000000,0x00000000e106fb78,0x00000000eab00000)
 Metaspace       used 47391K, capacity 49372K, committed 49704K, reserved 1091584K
  class space    used 6689K, capacity 7103K, committed 7208K, reserved 1048576K
Event: 7.061 GC heap after
Heap after GC invocations=10 (full 2):
 PSYoungGen      total 158720K, used 12779K [0x00000000f5580000, 0x0000000100000000, 0x0000000100000000)
  eden space 145920K, 0% used [0x00000000f5580000,0x00000000f5580000,0x00000000fe400000)
  from space 12800K, 99% used [0x00000000ff380000,0x00000000ffffafb8,0x0000000100000000)
  to   space 14336K, 0% used [0x00000000fe400000,0x00000000fe400000,0x00000000ff200000)
 ParOldGen       total 175104K, used 17688K [0x00000000e0000000, 0x00000000eab00000, 0x00000000f5580000)
  object space 175104K, 10% used [0x00000000e0000000,0x00000000e11463b8,0x00000000eab00000)
 Metaspace       used 47391K, capacity 49372K, committed 49704K, reserved 1091584K
  class space    used 6689K, capacity 7103K, committed 7208K, reserved 1048576K
}
Event: 10.331 GC heap before
{Heap before GC invocations=11 (full 2):
 PSYoungGen      total 158720K, used 127068K [0x00000000f5580000, 0x0000000100000000, 0x0000000100000000)
  eden space 145920K, 78% used [0x00000000f5580000,0x00000000fc51c1c8,0x00000000fe400000)
  from space 12800K, 99% used [0x00000000ff380000,0x00000000ffffafb8,0x0000000100000000)
  to   space 14336K, 0% used [0x00000000fe400000,0x00000000fe400000,0x00000000ff200000)
 ParOldGen       total 175104K, used 17688K [0x00000000e0000000, 0x00000000eab00000, 0x00000000f5580000)
  object space 175104K, 10% used [0x00000000e0000000,0x00000000e11463b8,0x00000000eab00000)
 Metaspace       used 56711K, capacity 59074K, committed 59160K, reserved 1099776K
  class space    used 7978K, capacity 8408K, committed 8488K, reserved 1048576K
Event: 10.351 GC heap after
Heap after GC invocations=11 (full 2):
 PSYoungGen      total 160256K, used 14312K [0x00000000f5580000, 0x0000000100000000, 0x0000000100000000)
  eden space 145920K, 0% used [0x00000000f5580000,0x00000000f5580000,0x00000000fe400000)
  from space 14336K, 99% used [0x00000000fe400000,0x00000000ff1fa080,0x00000000ff200000)
  to   space 14336K, 0% used [0x00000000ff200000,0x00000000ff200000,0x0000000100000000)
 ParOldGen       total 175104K, used 24505K [0x00000000e0000000, 0x00000000eab00000, 0x00000000f5580000)
  object space 175104K, 13% used [0x00000000e0000000,0x00000000e17ee6f8,0x00000000eab00000)
 Metaspace       used 56711K, capacity 59074K, committed 59160K, reserved 1099776K
  class space    used 7978K, capacity 8408K, committed 8488K, reserved 1048576K
}
Event: 10.351 GC heap before
{Heap before GC invocations=12 (full 3):
 PSYoungGen      total 160256K, used 14312K [0x00000000f5580000, 0x0000000100000000, 0x0000000100000000)
  eden space 145920K, 0% used [0x00000000f5580000,0x00000000f5580000,0x00000000fe400000)
  from space 14336K, 99% used [0x00000000fe400000,0x00000000ff1fa080,0x00000000ff200000)
  to   space 14336K, 0% used [0x00000000ff200000,0x00000000ff200000,0x0000000100000000)
 ParOldGen       total 175104K, used 24505K [0x00000000e0000000, 0x00000000eab00000, 0x00000000f5580000)
  object space 175104K, 13% used [0x00000000e0000000,0x00000000e17ee6f8,0x00000000eab00000)
 Metaspace       used 56711K, capacity 59074K, committed 59160K, reserved 1099776K
  class space    used 7978K, capacity 8408K, committed 8488K, reserved 1048576K
Event: 10.502 GC heap after
Heap after GC invocations=12 (full 3):
 PSYoungGen      total 160256K, used 0K [0x00000000f5580000, 0x0000000100000000, 0x0000000100000000)
  eden space 145920K, 0% used [0x00000000f5580000,0x00000000f5580000,0x00000000fe400000)
  from space 14336K, 0% used [0x00000000fe400000,0x00000000fe400000,0x00000000ff200000)
  to   space 14336K, 0% used [0x00000000ff200000,0x00000000ff200000,0x0000000100000000)
 ParOldGen       total 189440K, used 33321K [0x00000000e0000000, 0x00000000eb900000, 0x00000000f5580000)
  object space 189440K, 17% used [0x00000000e0000000,0x00000000e208a650,0x00000000eb900000)
 Metaspace       used 56662K, capacity 58912K, committed 59160K, reserved 1099776K
  class space    used 7962K, capacity 8381K, committed 8488K, reserved 1048576K
}

