# JRE version: Java(TM) SE Runtime Environment (8.0_271-b09) (build 1.8.0_271-b09)
# Java VM: Java HotSpot(TM) 64-Bit Server VM (25.271-b09 mixed mode windows-amd64 compressed oops)
Heap:
 PSYoungGen      total 71680K, used 52360K [0x00000000d5e00000, 0x00000000dea00000, 0x0000000100000000)
  eden space 66560K, 78% used [0x00000000d5e00000,0x00000000d9122370,0x00000000d9f00000)
  from space 5120K, 0% used [0x00000000d9f00000,0x00000000d9f00000,0x00000000da400000)
  to   space 5120K, 0% used [0x00000000de500000,0x00000000de500000,0x00000000dea00000)
 ParOldGen       total 77824K, used 15121K [0x0000000081a00000, 0x0000000086600000, 0x00000000d5e00000)
  object space 77824K, 19% used [0x0000000081a00000,0x00000000828c4698,0x0000000086600000)
 Metaspace       used 24740K, capacity 25315K, committed 25520K, reserved 1071104K
  class space    used 3246K, capacity 3411K, committed 3504K, reserved 1048576K
GC Heap History (8 events):
Event: 0.413 GC heap before
{Heap before GC invocations=1 (full 0):
 PSYoungGen      total 38400K, used 33280K [0x00000000d5e00000, 0x00000000d8880000, 0x0000000100000000)
  eden space 33280K, 100% used [0x00000000d5e00000,0x00000000d7e80000,0x00000000d7e80000)
  from space 5120K, 0% used [0x00000000d8380000,0x00000000d8380000,0x00000000d8880000)
  to   space 5120K, 0% used [0x00000000d7e80000,0x00000000d7e80000,0x00000000d8380000)
 ParOldGen       total 87552K, used 0K [0x0000000081a00000, 0x0000000086f80000, 0x00000000d5e00000)
  object space 87552K, 0% used [0x0000000081a00000,0x0000000081a00000,0x0000000086f80000)
 Metaspace       used 10190K, capacity 10410K, committed 10752K, reserved 1058816K
  class space    used 1116K, capacity 1179K, committed 1280K, reserved 1048576K
Event: 0.418 GC heap after
Heap after GC invocations=1 (full 0):
 PSYoungGen      total 38400K, used 5088K [0x00000000d5e00000, 0x00000000da900000, 0x0000000100000000)
  eden space 33280K, 0% used [0x00000000d5e00000,0x00000000d5e00000,0x00000000d7e80000)
  from space 5120K, 99% used [0x00000000d7e80000,0x00000000d8378230,0x00000000d8380000)
  to   space 5120K, 0% used [0x00000000da400000,0x00000000da400000,0x00000000da900000)
 ParOldGen       total 87552K, used 2593K [0x0000000081a00000, 0x0000000086f80000, 0x00000000d5e00000)
  object space 87552K, 2% used [0x0000000081a00000,0x0000000081c88520,0x0000000086f80000)
 Metaspace       used 10190K, capacity 10410K, committed 10752K, reserved 1058816K
  class space    used 1116K, capacity 1179K, committed 1280K, reserved 1048576K
}
Event: 0.739 GC heap before
{Heap before GC invocations=2 (full 0):
 PSYoungGen      total 38400K, used 38368K [0x00000000d5e00000, 0x00000000da900000, 0x0000000100000000)
  eden space 33280K, 100% used [0x00000000d5e00000,0x00000000d7e80000,0x00000000d7e80000)
  from space 5120K, 99% used [0x00000000d7e80000,0x00000000d8378230,0x00000000d8380000)
  to   space 5120K, 0% used [0x00000000da400000,0x00000000da400000,0x00000000da900000)
 ParOldGen       total 87552K, used 2593K [0x0000000081a00000, 0x0000000086f80000, 0x00000000d5e00000)
  object space 87552K, 2% used [0x0000000081a00000,0x0000000081c88520,0x0000000086f80000)
 Metaspace       used 15806K, capacity 16136K, committed 16384K, reserved 1062912K
  class space    used 1852K, capacity 1935K, committed 2048K, reserved 1048576K
Event: 0.745 GC heap after
Heap after GC invocations=2 (full 0):
 PSYoungGen      total 71680K, used 5088K [0x00000000d5e00000, 0x00000000da900000, 0x0000000100000000)
  eden space 66560K, 0% used [0x00000000d5e00000,0x00000000d5e00000,0x00000000d9f00000)
  from space 5120K, 99% used [0x00000000da400000,0x00000000da8f8020,0x00000000da900000)
  to   space 5120K, 0% used [0x00000000d9f00000,0x00000000d9f00000,0x00000000da400000)
 ParOldGen       total 87552K, used 7335K [0x0000000081a00000, 0x0000000086f80000, 0x00000000d5e00000)
  object space 87552K, 8% used [0x0000000081a00000,0x0000000082129f40,0x0000000086f80000)
 Metaspace       used 15806K, capacity 16136K, committed 16384K, reserved 1062912K
  class space    used 1852K, capacity 1935K, committed 2048K, reserved 1048576K
}
Event: 0.940 GC heap before
{Heap before GC invocations=3 (full 0):
 PSYoungGen      total 71680K, used 29544K [0x00000000d5e00000, 0x00000000da900000, 0x0000000100000000)
  eden space 66560K, 36% used [0x00000000d5e00000,0x00000000d75e2028,0x00000000d9f00000)
  from space 5120K, 99% used [0x00000000da400000,0x00000000da8f8020,0x00000000da900000)
  to   space 5120K, 0% used [0x00000000d9f00000,0x00000000d9f00000,0x00000000da400000)
 ParOldGen       total 87552K, used 7335K [0x0000000081a00000, 0x0000000086f80000, 0x00000000d5e00000)
  object space 87552K, 8% used [0x0000000081a00000,0x0000000082129f40,0x0000000086f80000)
 Metaspace       used 20698K, capacity 21118K, committed 21296K, reserved 1069056K
  class space    used 2436K, capacity 2574K, committed 2608K, reserved 1048576K
Event: 0.951 GC heap after
Heap after GC invocations=3 (full 0):
 PSYoungGen      total 71680K, used 5088K [0x00000000d5e00000, 0x00000000dea00000, 0x0000000100000000)
  eden space 66560K, 0% used [0x00000000d5e00000,0x00000000d5e00000,0x00000000d9f00000)
  from space 5120K, 99% used [0x00000000d9f00000,0x00000000da3f8240,0x00000000da400000)
  to   space 5120K, 0% used [0x00000000de500000,0x00000000de500000,0x00000000dea00000)
 ParOldGen       total 87552K, used 17543K [0x0000000081a00000, 0x0000000086f80000, 0x00000000d5e00000)
  object space 87552K, 20% used [0x0000000081a00000,0x0000000082b21df8,0x0000000086f80000)
 Metaspace       used 20698K, capacity 21118K, committed 21296K, reserved 1069056K
  class space    used 2436K, capacity 2574K, committed 2608K, reserved 1048576K
}
Event: 0.951 GC heap before
{Heap before GC invocations=4 (full 1):
 PSYoungGen      total 71680K, used 5088K [0x00000000d5e00000, 0x00000000dea00000, 0x0000000100000000)
  eden space 66560K, 0% used [0x00000000d5e00000,0x00000000d5e00000,0x00000000d9f00000)
  from space 5120K, 99% used [0x00000000d9f00000,0x00000000da3f8240,0x00000000da400000)
  to   space 5120K, 0% used [0x00000000de500000,0x00000000de500000,0x00000000dea00000)
 ParOldGen       total 87552K, used 17543K [0x0000000081a00000, 0x0000000086f80000, 0x00000000d5e00000)
  object space 87552K, 20% used [0x0000000081a00000,0x0000000082b21df8,0x0000000086f80000)
 Metaspace       used 20698K, capacity 21118K, committed 21296K, reserved 1069056K
  class space    used 2436K, capacity 2574K, committed 2608K, reserved 1048576K
Event: 0.980 GC heap after
Heap after GC invocations=4 (full 1):
 PSYoungGen      total 71680K, used 0K [0x00000000d5e00000, 0x00000000dea00000, 0x0000000100000000)
  eden space 66560K, 0% used [0x00000000d5e00000,0x00000000d5e00000,0x00000000d9f00000)
  from space 5120K, 0% used [0x00000000d9f00000,0x00000000d9f00000,0x00000000da400000)
  to   space 5120K, 0% used [0x00000000de500000,0x00000000de500000,0x00000000dea00000)
 ParOldGen       total 77824K, used 15121K [0x0000000081a00000, 0x0000000086600000, 0x00000000d5e00000)
  object space 77824K, 19% used [0x0000000081a00000,0x00000000828c4698,0x0000000086600000)
 Metaspace       used 20698K, capacity 21118K, committed 21296K, reserved 1069056K
  class space    used 2436K, capacity 2574K, committed 2608K, reserved 1048576K
}

